[debug] [2022-10-30T10:31:41.057Z] ----------------------------------------------------------------------
[debug] [2022-10-30T10:31:41.064Z] Command:       /home/rhys/.nvm/versions/node/v16.14.0/bin/node /home/rhys/.nvm/versions/node/v16.14.0/bin/firebase init
[debug] [2022-10-30T10:31:41.066Z] CLI Version:   11.15.0
[debug] [2022-10-30T10:31:41.066Z] Platform:      linux
[debug] [2022-10-30T10:31:41.067Z] Node Version:  v16.14.0
[debug] [2022-10-30T10:31:41.122Z] Time:          Sun Oct 30 2022 10:31:41 GMT+0000 (Greenwich Mean Time)
[debug] [2022-10-30T10:31:41.123Z] ----------------------------------------------------------------------
[debug] 
[debug] [2022-10-30T10:31:41.176Z] > command requires scopes: ["email","openid","https://www.googleapis.com/auth/cloudplatformprojects.readonly","https://www.googleapis.com/auth/firebase","https://www.googleapis.com/auth/cloud-platform"]
[debug] [2022-10-30T10:31:41.178Z] > authorizing via signed-in user (williamsr922@gmail.com)
[info] 
     ######## #### ########  ######## ########     ###     ######  ########
     ##        ##  ##     ## ##       ##     ##  ##   ##  ##       ##
     ######    ##  ########  ######   ########  #########  ######  ######
     ##        ##  ##    ##  ##       ##     ## ##     ##       ## ##
     ##       #### ##     ## ######## ########  ##     ##  ######  ########

You're about to initialize a Firebase project in this directory:

  /home/rhys/repos/library/library2/library

[info] 
=== Project Setup
[info] 
[info] First, let's associate this project directory with a Firebase project.
[info] You can create multiple project aliases by running firebase use --add, 
[info] but for now we'll just set up a default project.
[info] 
[debug] [2022-10-30T10:38:49.977Z] > refreshing access token with scopes: []
[debug] [2022-10-30T10:38:49.989Z] >>> [apiv2][query] POST https://www.googleapis.com/oauth2/v3/token [none]
[debug] [2022-10-30T10:38:49.989Z] >>> [apiv2][body] POST https://www.googleapis.com/oauth2/v3/token [omitted]
[debug] [2022-10-30T10:38:50.327Z] <<< [apiv2][status] POST https://www.googleapis.com/oauth2/v3/token 200
[debug] [2022-10-30T10:38:50.330Z] <<< [apiv2][body] POST https://www.googleapis.com/oauth2/v3/token [omitted]
[debug] [2022-10-30T10:38:50.365Z] >>> [apiv2][query] GET https://firebase.googleapis.com/v1beta1/projects pageSize=100
[debug] [2022-10-30T10:38:50.852Z] <<< [apiv2][status] GET https://firebase.googleapis.com/v1beta1/projects 200
[debug] [2022-10-30T10:38:50.857Z] <<< [apiv2][body] GET https://firebase.googleapis.com/v1beta1/projects [omitted]
[info] i  Using project library-4b054 (Library) 
[info] 
=== Emulators Setup
[info] i  firestore: downloading cloud-firestore-emulator-v1.15.1.jar... {"metadata":{"emulator":{"name":"firestore"},"message":"downloading cloud-firestore-emulator-v1.15.1.jar..."}}
[debug] [2022-10-30T10:39:12.891Z] >>> [apiv2][query] GET https://storage.googleapis.com/firebase-preview-drop/emulator/cloud-firestore-emulator-v1.15.1.jar 
[debug] [2022-10-30T10:39:13.284Z] <<< [apiv2][status] GET https://storage.googleapis.com/firebase-preview-drop/emulator/cloud-firestore-emulator-v1.15.1.jar 200
[debug] [2022-10-30T10:39:13.292Z] <<< [apiv2][body] GET https://storage.googleapis.com/firebase-preview-drop/emulator/cloud-firestore-emulator-v1.15.1.jar [stream]
